Fri 10 Mar 2023 06:21:55 PM UTC: 
 tests:  0|7
total_score: 0/70
5f6ab1a
Tue 14 Mar 2023 10:09:33 PM UTC: 
 exercises.c | 5 ++++-
 1 file changed, 4 insertions(+), 1 deletion(-)
 tests:  1|6
total_score: 10/70
98a4373
Tue 14 Mar 2023 11:16:08 PM UTC: 
 exercises.c | 11 ++++++++++-
 1 file changed, 10 insertions(+), 1 deletion(-)
 tests:  2|5
total_score: 20/70
a8d8412
Tue 14 Mar 2023 11:20:15 PM UTC: 
 exercises.c | 4 +++-
 1 file changed, 3 insertions(+), 1 deletion(-)
In file included from test.c:5:
exercises.c: In function ‘crearPersona’:
exercises.c:59:11: error: ‘p’ is a pointer; did you mean to use ‘->’?
   59 |   strcpy(p.nombre, nombre);
      |           ^
      |           ->
exercises.c:60:11: error: ‘p’ is a pointer; did you mean to use ‘->’?
   60 |   strcpy(p.rut, rut);
      |           ^
      |           ->
exercises.c:61:4: error: ‘p’ is a pointer; did you mean to use ‘->’?
   61 |   p.edad = edad;
      |    ^
      |    ->
Compilation failed
941f04c
Tue 14 Mar 2023 11:20:31 PM UTC: 
 exercises.c | 6 +++---
 1 file changed, 3 insertions(+), 3 deletions(-)
In file included from test.c:5:
exercises.c: In function ‘crearPersona’:
exercises.c:61:4: error: ‘Persona’ has no member named ‘edadedad’
   61 |   p->edadedad = edad;
      |    ^~
Compilation failed
7e24eb1
Tue 14 Mar 2023 11:20:38 PM UTC: 
 exercises.c | 2 +-
 1 file changed, 1 insertion(+), 1 deletion(-)
 tests:  3|4
total_score: 30/70
0f0595d
Tue 14 Mar 2023 11:24:24 PM UTC: 
 exercises.c | 5 ++++-
 1 file changed, 4 insertions(+), 1 deletion(-)
In file included from test.c:5:
exercises.c: In function ‘crearVector’:
exercises.c:81:17: error: expected expression before ‘Vector’
   81 |   ptrVector = (*Vector) calloc(n, sizeof(Vector));
      |                 ^~~~~~
exercises.c:81:24: error: expected ‘;’ before ‘calloc’
   81 |   ptrVector = (*Vector) calloc(n, sizeof(Vector));
      |                        ^~~~~~~
      |                        ;
Compilation failed
18ddacd
Tue 14 Mar 2023 11:25:14 PM UTC: 
 exercises.c | 3 +++
 1 file changed, 3 insertions(+)
In file included from test.c:5:
exercises.c: In function ‘crearVector’:
exercises.c:81:17: error: expected expression before ‘Vector’
   81 |   ptrVector = (*Vector) calloc(n, sizeof(Vector));
      |                 ^~~~~~
exercises.c:81:24: error: expected ‘;’ before ‘calloc’
   81 |   ptrVector = (*Vector) calloc(n, sizeof(Vector));
      |                        ^~~~~~~
      |                        ;
exercises.c:82:7: error: suggest parentheses around assignment used as truth value [-Werror=parentheses]
   82 |   if (ptrVector = NULL)
      |       ^~~~~~~~~
exercises.c:83:11: error: returning ‘int’ from a function with return type ‘Vector *’ makes pointer from integer without a cast [-Werror=int-conversion]
   83 |     return(EXIT_FAILURE);
      |           ^
cc1: all warnings being treated as errors
Compilation failed
e8588a0
Tue 14 Mar 2023 11:25:28 PM UTC: 
 exercises.c | 2 +-
 1 file changed, 1 insertion(+), 1 deletion(-)
In file included from test.c:5:
exercises.c: In function ‘crearVector’:
exercises.c:81:17: error: expected expression before ‘Vector’
   81 |   ptrVector = (*Vector) calloc(n, sizeof(Vector));
      |                 ^~~~~~
exercises.c:81:24: error: expected ‘;’ before ‘calloc’
   81 |   ptrVector = (*Vector) calloc(n, sizeof(Vector));
      |                        ^~~~~~~
      |                        ;
exercises.c:83:11: error: returning ‘int’ from a function with return type ‘Vector *’ makes pointer from integer without a cast [-Werror=int-conversion]
   83 |     return(EXIT_FAILURE);
      |           ^
cc1: all warnings being treated as errors
Compilation failed
66cef8f
Tue 14 Mar 2023 11:25:51 PM UTC: 
 exercises.c | 2 +-
 1 file changed, 1 insertion(+), 1 deletion(-)
In file included from test.c:5:
exercises.c: In function ‘crearVector’:
exercises.c:81:17: error: expected expression before ‘Vector’
   81 |   ptrVector = (*Vector) calloc(n, sizeof(Vector));
      |                 ^~~~~~
exercises.c:81:24: error: expected ‘;’ before ‘calloc’
   81 |   ptrVector = (*Vector) calloc(n, sizeof(Vector));
      |                        ^~~~~~~
      |                        ;
exercises.c:83:11: error: returning ‘int’ from a function with return type ‘Vector *’ makes pointer from integer without a cast [-Werror=int-conversion]
   83 |     return(EXIT_FAILURE);
      |           ^
cc1: all warnings being treated as errors
Compilation failed
5f6e639
Tue 14 Mar 2023 11:26:31 PM UTC: 
 exercises.c | 2 +-
 1 file changed, 1 insertion(+), 1 deletion(-)
In file included from test.c:5:
exercises.c: In function ‘crearVector’:
exercises.c:81:17: error: expected expression before ‘Vector’
   81 |   ptrVector = (*Vector) calloc(n, sizeof(Vector));
      |                 ^~~~~~
exercises.c:81:24: error: expected ‘;’ before ‘calloc’
   81 |   ptrVector = (*Vector) calloc(n, sizeof(Vector));
      |                        ^~~~~~~
      |                        ;
Compilation failed
e7ea49c
Tue 14 Mar 2023 11:27:04 PM UTC: 
 exercises.c | 2 +-
 1 file changed, 1 insertion(+), 1 deletion(-)
In file included from test.c:5:
exercises.c: In function ‘crearVector’:
exercises.c:81:3: error: conversion to non-scalar type requested
   81 |   ptrVector = (Vector) calloc(n, sizeof(Vector));
      |   ^~~~~~~~~
Compilation failed
b516b41
Tue 14 Mar 2023 11:27:22 PM UTC: 
 exercises.c | 2 +-
 1 file changed, 1 insertion(+), 1 deletion(-)
 tests:  3|4
total_score: 30/70
3463618
Tue 14 Mar 2023 11:27:40 PM UTC: 
 exercises.c | 2 +-
 1 file changed, 1 insertion(+), 1 deletion(-)
 tests:  3|4
total_score: 30/70
4025c7b
Tue 14 Mar 2023 11:31:37 PM UTC: 
 exercises.c | 10 +++++-----
 1 file changed, 5 insertions(+), 5 deletions(-)
In file included from test.c:5:
exercises.c: In function ‘crearVector’:
exercises.c:86:10: error: ‘ptrVector’ undeclared (first use in this function); did you mean ‘Vector’?
   86 |   return ptrVector;
      |          ^~~~~~~~~
      |          Vector
exercises.c:86:10: note: each undeclared identifier is reported only once for each function it appears in
exercises.c:80:10: error: variable ‘vectorLocal’ set but not used [-Werror=unused-but-set-variable]
   80 |   Vector vectorLocal[n];
      |          ^~~~~~~~~~~
exercises.c:87:1: error: control reaches end of non-void function [-Werror=return-type]
   87 | }
      | ^
cc1: all warnings being treated as errors
Compilation failed
3360b63
Tue 14 Mar 2023 11:31:57 PM UTC: 
 exercises.c | 2 +-
 1 file changed, 1 insertion(+), 1 deletion(-)
In file included from test.c:5:
exercises.c: In function ‘crearVector’:
exercises.c:86:10: error: function returns address of local variable [-Werror=return-local-addr]
   86 |   return vectorLocal;
      |          ^~~~~~~~~~~
cc1: all warnings being treated as errors
Compilation failed
19cebe0
Tue 14 Mar 2023 11:34:52 PM UTC: 
 exercises.c | 7 ++-----
 1 file changed, 2 insertions(+), 5 deletions(-)
In file included from test.c:5:
exercises.c: In function ‘crearVector’:
exercises.c:81:45: error: ‘vector’ undeclared (first use in this function); did you mean ‘Vector’?
   81 |   vectorLocal = (Vector *) calloc(n, sizeof(vector));
      |                                             ^~~~~~
      |                                             Vector
exercises.c:81:45: note: each undeclared identifier is reported only once for each function it appears in
Compilation failed
3fa374c
Tue 14 Mar 2023 11:35:01 PM UTC: 
 exercises.c | 2 +-
 1 file changed, 1 insertion(+), 1 deletion(-)
 tests:  3|4
total_score: 30/70
c7bee48
Tue 14 Mar 2023 11:36:29 PM UTC: 
 exercises.c | 11 ++++++++++-
 1 file changed, 10 insertions(+), 1 deletion(-)
In file included from test.c:5:
exercises.c: In function ‘crearVector’:
exercises.c:80:23: error: expected ‘=’, ‘,’, ‘;’, ‘asm’ or ‘__attribute__’ before ‘==’ token
   80 |   Vector *vectorLocal == NULL;
      |                       ^~
exercises.c:80:23: error: expected expression before ‘==’ token
exercises.c:81:3: error: ‘vectorLocal’ undeclared (first use in this function)
   81 |   vectorLocal = (Vector *) calloc(n, sizeof(Vector));
      |   ^~~~~~~~~~~
exercises.c:81:3: note: each undeclared identifier is reported only once for each function it appears in
exercises.c:93:1: error: control reaches end of non-void function [-Werror=return-type]
   93 | }
      | ^
cc1: all warnings being treated as errors
Compilation failed
c23064a
Tue 14 Mar 2023 11:36:47 PM UTC: 
 exercises.c | 2 +-
 1 file changed, 1 insertion(+), 1 deletion(-)
 tests:  3|4
total_score: 30/70
d307eb0
Tue 14 Mar 2023 11:42:13 PM UTC: 
 exercises.c | 2 +-
 1 file changed, 1 insertion(+), 1 deletion(-)
 tests:  3|4
total_score: 30/70
932af83
Tue 14 Mar 2023 11:42:45 PM UTC: 
 exercises.c | 2 +-
 1 file changed, 1 insertion(+), 1 deletion(-)
In file included from test.c:5:
exercises.c: In function ‘crearVector’:
exercises.c:88:19: error: invalid type argument of ‘->’ (have ‘Vector’)
   88 |     vectorLocal[i]->capacidad = 0;
      |                   ^~
Compilation failed
1e4aaea
Tue 14 Mar 2023 11:42:53 PM UTC: 
 exercises.c | 2 +-
 1 file changed, 1 insertion(+), 1 deletion(-)
 tests:  3|4
total_score: 30/70
932a09d
Tue 14 Mar 2023 11:46:14 PM UTC: 
 exercises.c | 9 +++------
 1 file changed, 3 insertions(+), 6 deletions(-)
In file included from test.c:5:
exercises.c: In function ‘crearVector’:
exercises.c:86:14: error: ‘vectorLocal’ is a pointer; did you mean to use ‘->’?
   86 |   vectorLocal.capacidad = n;
      |              ^
      |              ->
exercises.c:87:14: error: ‘vectorLocal’ is a pointer; did you mean to use ‘->’?
   87 |   vectorLocal.datos = (int *) calloc(n, sizeof(int));
      |              ^
      |              ->
Compilation failed
7d908e4
Tue 14 Mar 2023 11:46:27 PM UTC: 
 exercises.c | 4 ++--
 1 file changed, 2 insertions(+), 2 deletions(-)
 tests:  4|3
total_score: 40/70
3ca0991
Tue 14 Mar 2023 11:46:59 PM UTC: 
 exercises.c | 2 ++
 1 file changed, 2 insertions(+)
 tests:  4|3
total_score: 40/70
0b8cc42
Tue 14 Mar 2023 11:50:04 PM UTC: 
 exercises.c | 2 +-
 1 file changed, 1 insertion(+), 1 deletion(-)
In file included from test.c:5:
exercises.c: In function ‘asignarValor’:
exercises.c:100:10: error: incompatible types when assigning to type ‘Vector’ from type ‘int’
  100 |   v[i] = valor;
      |          ^~~~~
Compilation failed
9cfd4fd
Tue 14 Mar 2023 11:52:52 PM UTC: 
 exercises.c | 2 +-
 1 file changed, 1 insertion(+), 1 deletion(-)
 tests:  4|3
total_score: 40/70
bfb081a
Tue 14 Mar 2023 11:58:13 PM UTC: 
 exercises.c | 2 +-
 1 file changed, 1 insertion(+), 1 deletion(-)
 tests:  4|3
total_score: 40/70
4c03f71
Wed 15 Mar 2023 12:01:03 AM UTC: 
 exercises.c | 12 +++++++-----
 1 file changed, 7 insertions(+), 5 deletions(-)
 tests:  0|0
22f4224
Wed 15 Mar 2023 12:02:05 AM UTC: 
 exercises.c | 6 +++---
 1 file changed, 3 insertions(+), 3 deletions(-)
 tests:  4|3
total_score: 40/70
da5c2e3
Wed 15 Mar 2023 12:05:54 AM UTC: 
 exercises.c | 16 +++++++---------
 1 file changed, 7 insertions(+), 9 deletions(-)
 tests:  6|2
total_score: 50/70
0285f82
Wed 15 Mar 2023 12:07:41 AM UTC: 
 exercises.c | 2 +-
 1 file changed, 1 insertion(+), 1 deletion(-)
In file included from test.c:5:
exercises.c: In function ‘sumaV’:
exercises.c:119:12: error: ‘i’ undeclared (first use in this function)
  119 |   c->datos[i] = a->datos[i] + b->datos[i];
      |            ^
exercises.c:119:12: note: each undeclared identifier is reported only once for each function it appears in
Compilation failed
285c453
